<?xml version="1.0" encoding="UTF-8"?>
<testsuite xmlns:xsi="http://www.w3.org/2001/XMLSchema-instance" xsi:noNamespaceSchemaLocation="https://maven.apache.org/surefire/maven-surefire-plugin/xsd/surefire-test-report.xsd" version="3.0.1" name="lab15.sict.must.edu.mn.AppTest" time="0.114" tests="1" errors="0" skipped="0" failures="0">
  <properties>
    <property name="java.specification.version" value="20"/>
    <property name="maven.user.extensions" value="C:\Users\Tseku/.m2/extensions.xml"/>
    <property name="sun.cpu.isalist" value="amd64"/>
    <property name="sun.jnu.encoding" value="Cp1252"/>
    <property name="java.class.path" value="C:\Users\Tseku\java-lab15\calculator\target\test-classes;C:\Users\Tseku\java-lab15\calculator\target\classes;C:\Users\Tseku\.m2\repository\org\junit\jupiter\junit-jupiter-api\5.11.0\junit-jupiter-api-5.11.0.jar;C:\Users\Tseku\.m2\repository\org\opentest4j\opentest4j\1.3.0\opentest4j-1.3.0.jar;C:\Users\Tseku\.m2\repository\org\junit\platform\junit-platform-commons\1.11.0\junit-platform-commons-1.11.0.jar;C:\Users\Tseku\.m2\repository\org\apiguardian\apiguardian-api\1.1.2\apiguardian-api-1.1.2.jar;C:\Users\Tseku\.m2\repository\org\junit\jupiter\junit-jupiter-params\5.11.0\junit-jupiter-params-5.11.0.jar;"/>
    <property name="java.vm.vendor" value="Oracle Corporation"/>
    <property name="sun.arch.data.model" value="64"/>
    <property name="user.variant" value=""/>
    <property name="maven.user.toolchains" value="C:\Users\Tseku/.m2/toolchains.xml"/>
    <property name="java.vendor.url" value="https://java.oracle.com/"/>
    <property name="user.timezone" value="Asia/Ulaanbaatar"/>
    <property name="java.vm.specification.version" value="20"/>
    <property name="os.name" value="Windows 10"/>
    <property name="maven.repo.central" value="https://repo.maven.apache.org/maven2"/>
    <property name="sun.java.launcher" value="SUN_STANDARD"/>
    <property name="user.country" value="US"/>
    <property name="session.topDirectory" value="C:\Users\Tseku\java-lab15\calculator"/>
    <property name="sun.boot.library.path" value="C:\Program Files\Java\jdk-20\bin"/>
    <property name="sun.java.command" value="C:\Users\Tseku\AppData\Local\Temp\surefire16440885692683891842\surefirebooter-20250509163956914_3.jar C:\Users\Tseku\AppData\Local\Temp\surefire16440885692683891842 2025-05-09T16-39-48_001-jvmRun1 surefire-20250509163956914_1tmp surefire_0-20250509163956914_2tmp"/>
    <property name="maven.project.settings" value="C:\Users\Tseku\java-lab15\calculator/.mvn/settings.xml"/>
    <property name="jdk.debug" value="release"/>
    <property name="surefire.test.class.path" value="C:\Users\Tseku\java-lab15\calculator\target\test-classes;C:\Users\Tseku\java-lab15\calculator\target\classes;C:\Users\Tseku\.m2\repository\org\junit\jupiter\junit-jupiter-api\5.11.0\junit-jupiter-api-5.11.0.jar;C:\Users\Tseku\.m2\repository\org\opentest4j\opentest4j\1.3.0\opentest4j-1.3.0.jar;C:\Users\Tseku\.m2\repository\org\junit\platform\junit-platform-commons\1.11.0\junit-platform-commons-1.11.0.jar;C:\Users\Tseku\.m2\repository\org\apiguardian\apiguardian-api\1.1.2\apiguardian-api-1.1.2.jar;C:\Users\Tseku\.m2\repository\org\junit\jupiter\junit-jupiter-params\5.11.0\junit-jupiter-params-5.11.0.jar;"/>
    <property name="sun.cpu.endian" value="little"/>
    <property name="user.home" value="C:\Users\Tseku"/>
    <property name="user.language" value="en"/>
    <property name="java.specification.vendor" value="Oracle Corporation"/>
    <property name="java.version.date" value="2023-07-18"/>
    <property name="java.home" value="C:\Program Files\Java\jdk-20"/>
    <property name="maven.user.conf" value="C:\Users\Tseku/.m2"/>
    <property name="file.separator" value="\"/>
    <property name="basedir" value="C:\Users\Tseku\java-lab15\calculator"/>
    <property name="java.vm.compressedOopsMode" value="Zero based"/>
    <property name="line.separator" value="&#10;"/>
    <property name="java.vm.specification.vendor" value="Oracle Corporation"/>
    <property name="java.specification.name" value="Java Platform API Specification"/>
    <property name="maven.project.conf" value="C:\Users\Tseku\java-lab15\calculator/.mvn"/>
    <property name="surefire.real.class.path" value="C:\Users\Tseku\AppData\Local\Temp\surefire16440885692683891842\surefirebooter-20250509163956914_3.jar"/>
    <property name="session.rootDirectory" value="C:\Users\Tseku\java-lab15\calculator"/>
    <property name="user.script" value=""/>
    <property name="sun.management.compiler" value="HotSpot 64-Bit Tiered Compilers"/>
    <property name="java.runtime.version" value="20.0.2+9-78"/>
    <property name="user.name" value="Tseku"/>
    <property name="stdout.encoding" value="Cp1252"/>
    <property name="maven.installation.conf" value="C:\Users\Tseku\Downloads\apache-maven-4.0.0-rc-2-bin\apache-maven-4.0.0-rc-2/conf"/>
    <property name="path.separator" value=";"/>
    <property name="os.version" value="10.0"/>
    <property name="java.runtime.name" value="Java(TM) SE Runtime Environment"/>
    <property name="file.encoding" value="UTF-8"/>
    <property name="maven.installation.toolchains" value="C:\Users\Tseku\Downloads\apache-maven-4.0.0-rc-2-bin\apache-maven-4.0.0-rc-2/conf/toolchains.xml"/>
    <property name="java.vm.name" value="Java HotSpot(TM) 64-Bit Server VM"/>
    <property name="localRepository" value="C:\Users\Tseku\.m2\repository"/>
    <property name="maven.project.extensions" value="C:\Users\Tseku\java-lab15\calculator/.mvn/extensions.xml"/>
    <property name="java.vendor.url.bug" value="https://bugreport.java.com/bugreport/"/>
    <property name="java.io.tmpdir" value="C:\Users\Tseku\AppData\Local\Temp\"/>
    <property name="maven.installation.extensions" value="C:\Users\Tseku\Downloads\apache-maven-4.0.0-rc-2-bin\apache-maven-4.0.0-rc-2/conf/extensions.xml"/>
    <property name="java.version" value="20.0.2"/>
    <property name="user.dir" value="C:\Users\Tseku\java-lab15\calculator"/>
    <property name="os.arch" value="amd64"/>
    <property name="java.vm.specification.name" value="Java Virtual Machine Specification"/>
    <property name="sun.os.patch.level" value=""/>
    <property name="native.encoding" value="Cp1252"/>
    <property name="java.library.path" value="C:\Program Files\Java\jdk-20\bin;C:\Windows\Sun\Java\bin;C:\Windows\system32;C:\Windows;C:\Users\Tseku\AppData\Local\Programs\Python\Python312\Scripts\;C:\Users\Tseku\AppData\Local\Programs\Python\Python312\;C:\Program Files\Common Files\Oracle\Java\javapath;C:\Windows\system32;C:\Windows;C:\Windows\System32\Wbem;C:\Windows\System32\WindowsPowerShell\v1.0\;C:\Windows\System32\OpenSSH\;C:\Program Files\nodejs\;C:\ProgramData\chocolatey\bin;C:\Program Files\CMake\bin;C:\Program Files\dotnet\;C:\Program Files (x86)\Windows Kits\10\Windows Performance Toolkit\;C:\Program Files (x86)\Microsoft SQL Server\160\Tools\Binn\;C:\Program Files\Microsoft SQL Server\160\Tools\Binn\;C:\Program Files\Microsoft SQL Server\Client SDK\ODBC\170\Tools\Binn\;C:\Program Files\Microsoft SQL Server\160\DTS\Binn\;C:\Program Files (x86)\Microsoft SQL Server\160\DTS\Binn\;C:\Program Files\VisualSVN Server\bin;C:\Program Files\Git\cmd;C:\Users\Tseku\Downloads\apache-maven-4.0.0-rc-2-bin\apache-maven-4.0.0-rc-2\bin;C:\Users\Tseku\AppData\Local\Microsoft\WindowsApps;C:\Users\Tseku\AppData\Local\Programs\Microsoft VS Code\bin;C:\Users\Tseku\AppData\Roaming\npm;C:\Users\Tseku\.dotnet\tools;C:\Users\Tseku\AppData\Local\GitHubDesktop\bin;;."/>
    <property name="java.vm.info" value="mixed mode, sharing"/>
    <property name="stderr.encoding" value="Cp1252"/>
    <property name="java.vendor" value="Oracle Corporation"/>
    <property name="java.vm.version" value="20.0.2+9-78"/>
    <property name="maven.installation.settings" value="C:\Users\Tseku\Downloads\apache-maven-4.0.0-rc-2-bin\apache-maven-4.0.0-rc-2/conf/settings.xml"/>
    <property name="sun.io.unicode.encoding" value="UnicodeLittle"/>
    <property name="maven.user.settings" value="C:\Users\Tseku/.m2/settings.xml"/>
    <property name="java.class.version" value="64.0"/>
  </properties>
  <testcase name="shouldAnswerWithTrue" classname="lab15.sict.must.edu.mn.AppTest" time="0.057"/>
</testsuite>